[2018-12-10 08:28:19] laravel.EMERGENCY: Unable to create configured logger. Using emergency logger. {"exception":"[object] (InvalidArgumentException(code: 0): Log [] is not defined. at /Users/lecai/Code/sketch/backend/vendor/laravel/framework/src/Illuminate/Log/LogManager.php:167)
[stacktrace]
#0 /Users/lecai/Code/sketch/backend/vendor/laravel/framework/src/Illuminate/Log/LogManager.php(101): Illuminate\\Log\\LogManager->resolve(NULL)
#1 /Users/lecai/Code/sketch/backend/vendor/laravel/framework/src/Illuminate/Log/LogManager.php(89): Illuminate\\Log\\LogManager->get(NULL)
#2 /Users/lecai/Code/sketch/backend/vendor/laravel/framework/src/Illuminate/Log/LogManager.php(490): Illuminate\\Log\\LogManager->driver()
#3 /Users/lecai/Code/sketch/backend/vendor/laravel/framework/src/Illuminate/Foundation/Exceptions/Handler.php(114): Illuminate\\Log\\LogManager->error('syntax error, u...', Array)
#4 /Users/lecai/Code/sketch/backend/app/Exceptions/Handler.php(37): Illuminate\\Foundation\\Exceptions\\Handler->report(Object(Symfony\\Component\\Debug\\Exception\\FatalThrowableError))
#5 /Users/lecai/Code/sketch/backend/vendor/laravel/framework/src/Illuminate/Foundation/Console/Kernel.php(353): App\\Exceptions\\Handler->report(Object(Symfony\\Component\\Debug\\Exception\\FatalThrowableError))
#6 /Users/lecai/Code/sketch/backend/vendor/laravel/framework/src/Illuminate/Foundation/Console/Kernel.php(132): Illuminate\\Foundation\\Console\\Kernel->reportException(Object(Symfony\\Component\\Debug\\Exception\\FatalThrowableError))
#7 /Users/lecai/Code/sketch/backend/artisan(37): Illuminate\\Foundation\\Console\\Kernel->handle(Object(Symfony\\Component\\Console\\Input\\ArgvInput), Object(Symfony\\Component\\Console\\Output\\ConsoleOutput))
#8 {main}
"} 
[2018-12-10 08:28:19] laravel.ERROR: syntax error, unexpected ''tag_info'' (T_CONSTANT_ENCAPSED_STRING), expecting ']' {"exception":"[object] (Symfony\\Component\\Debug\\Exception\\FatalThrowableError(code: 0): syntax error, unexpected ''tag_info'' (T_CONSTANT_ENCAPSED_STRING), expecting ']' at /Users/lecai/Code/sketch/backend/config/constants.php:29)
[stacktrace]
#0 /Users/lecai/Code/sketch/backend/vendor/laravel/framework/src/Illuminate/Foundation/Bootstrap/LoadConfiguration.php(39): Illuminate\\Foundation\\Bootstrap\\LoadConfiguration->loadConfigurationFiles(Object(Illuminate\\Foundation\\Application), Object(Illuminate\\Config\\Repository))
#1 /Users/lecai/Code/sketch/backend/vendor/laravel/framework/src/Illuminate/Foundation/Application.php(204): Illuminate\\Foundation\\Bootstrap\\LoadConfiguration->bootstrap(Object(Illuminate\\Foundation\\Application))
#2 /Users/lecai/Code/sketch/backend/vendor/laravel/framework/src/Illuminate/Foundation/Console/Kernel.php(297): Illuminate\\Foundation\\Application->bootstrapWith(Array)
#3 /Users/lecai/Code/sketch/backend/vendor/laravel/framework/src/Illuminate/Foundation/Console/Kernel.php(120): Illuminate\\Foundation\\Console\\Kernel->bootstrap()
#4 /Users/lecai/Code/sketch/backend/artisan(37): Illuminate\\Foundation\\Console\\Kernel->handle(Object(Symfony\\Component\\Console\\Input\\ArgvInput), Object(Symfony\\Component\\Console\\Output\\ConsoleOutput))
#5 {main}
"} 
[2020-01-19 10:48:49] laravel.EMERGENCY: Unable to create configured logger. Using emergency logger. {"exception":"[object] (InvalidArgumentException(code: 0): Log [] is not defined. at /Users/lecai/Code/sketch/backend/vendor/laravel/framework/src/Illuminate/Log/LogManager.php:168)
[stacktrace]
#0 /Users/lecai/Code/sketch/backend/vendor/laravel/framework/src/Illuminate/Log/LogManager.php(102): Illuminate\\Log\\LogManager->resolve(NULL)
#1 /Users/lecai/Code/sketch/backend/vendor/laravel/framework/src/Illuminate/Log/LogManager.php(90): Illuminate\\Log\\LogManager->get(NULL)
#2 /Users/lecai/Code/sketch/backend/vendor/laravel/framework/src/Illuminate/Log/LogManager.php(498): Illuminate\\Log\\LogManager->driver()
#3 /Users/lecai/Code/sketch/backend/vendor/laravel/framework/src/Illuminate/Foundation/Exceptions/Handler.php(114): Illuminate\\Log\\LogManager->error('syntax error, u...', Array)
#4 /Users/lecai/Code/sketch/backend/app/Exceptions/Handler.php(41): Illuminate\\Foundation\\Exceptions\\Handler->report(Object(Symfony\\Component\\Debug\\Exception\\FatalThrowableError))
#5 /Users/lecai/Code/sketch/backend/vendor/laravel/framework/src/Illuminate/Foundation/Console/Kernel.php(353): App\\Exceptions\\Handler->report(Object(Symfony\\Component\\Debug\\Exception\\FatalThrowableError))
#6 /Users/lecai/Code/sketch/backend/vendor/laravel/framework/src/Illuminate/Foundation/Console/Kernel.php(132): Illuminate\\Foundation\\Console\\Kernel->reportException(Object(Symfony\\Component\\Debug\\Exception\\FatalThrowableError))
#7 /Users/lecai/Code/sketch/backend/artisan(37): Illuminate\\Foundation\\Console\\Kernel->handle(Object(Symfony\\Component\\Console\\Input\\ArgvInput), Object(Symfony\\Component\\Console\\Output\\ConsoleOutput))
#8 {main}
"} 
[2020-01-19 10:48:49] laravel.ERROR: syntax error, unexpected '\' (T_NS_SEPARATOR), expecting identifier (T_STRING) {"exception":"[object] (Symfony\\Component\\Debug\\Exception\\FatalThrowableError(code: 0): syntax error, unexpected '\\' (T_NS_SEPARATOR), expecting identifier (T_STRING) at /Users/lecai/Code/sketch/backend/config/app.php:180)
[stacktrace]
#0 /Users/lecai/Code/sketch/backend/vendor/laravel/framework/src/Illuminate/Foundation/Bootstrap/LoadConfiguration.php(39): Illuminate\\Foundation\\Bootstrap\\LoadConfiguration->loadConfigurationFiles(Object(Illuminate\\Foundation\\Application), Object(Illuminate\\Config\\Repository))
#1 /Users/lecai/Code/sketch/backend/vendor/laravel/framework/src/Illuminate/Foundation/Application.php(211): Illuminate\\Foundation\\Bootstrap\\LoadConfiguration->bootstrap(Object(Illuminate\\Foundation\\Application))
#2 /Users/lecai/Code/sketch/backend/vendor/laravel/framework/src/Illuminate/Foundation/Console/Kernel.php(297): Illuminate\\Foundation\\Application->bootstrapWith(Array)
#3 /Users/lecai/Code/sketch/backend/vendor/laravel/framework/src/Illuminate/Foundation/Console/Kernel.php(120): Illuminate\\Foundation\\Console\\Kernel->bootstrap()
#4 /Users/lecai/Code/sketch/backend/artisan(37): Illuminate\\Foundation\\Console\\Kernel->handle(Object(Symfony\\Component\\Console\\Input\\ArgvInput), Object(Symfony\\Component\\Console\\Output\\ConsoleOutput))
#5 {main}
"} 
